<?xml version="1.0" encoding="UTF-8"?>
<!-- Generated by org.testng.reporters.JUnitXMLReporter -->
<testsuite ignored="0" hostname="LAPTOP-LEUDUC9J" failures="0" tests="1" name="Test-runner-2" time="6.091" errors="0" timestamp="2025-05-04T22:56:22 IST">
  <testcase classname="InventoryTest.AddLowestPricedProductToCartTest" name="tc_02_AddLowestPricedProductToCartTest" time="1.356"/>
</testsuite> <!-- Test-runner-2 -->
