<?xml version="1.0" encoding="UTF-8"?>
<!-- Generated by org.testng.reporters.JUnitXMLReporter -->
<testsuite ignored="0" hostname="LAPTOP-LEUDUC9J" failures="0" tests="1" name="Test-runner-Edge" time="9.156" errors="0" timestamp="2025-05-05T11:50:34 IST">
  <testcase classname="InventoryTest.AddProductToCartTest" name="tc_01_AddProductToCartTest" time="1.428"/>
</testsuite> <!-- Test-runner-Edge -->
