<?xml version="1.0" encoding="UTF-8"?>
<!-- Generated by org.testng.reporters.JUnitXMLReporter -->
<testsuite ignored="0" hostname="LAPTOP-LEUDUC9J" failures="0" tests="1" name="Test-runner-Firefox" time="21.615" errors="0" timestamp="2025-05-05T11:50:46 IST">
  <testcase classname="InventoryTest.AddLowestPricedProductToCartTest" name="tc_02_AddLowestPricedProductToCartTest" time="1.13"/>
</testsuite> <!-- Test-runner-Firefox -->
