<?xml version="1.0" encoding="UTF-8"?>
<!-- Generated by org.testng.reporters.JUnitReportReporter -->
<testsuite hostname="LAPTOP-LEUDUC9J" failures="0" tests="1" name="Practice.TestNGSample" time="0.011" errors="0" timestamp="2025-04-28T10:15:15 IST" skipped="0">
  <testcase classname="Practice.TestNGSample" name="sample" time="0.011"/>
</testsuite> <!-- Practice.TestNGSample -->
