<?xml version="1.0" encoding="UTF-8"?>
<!-- Generated by org.testng.reporters.JUnitReportReporter -->
<testsuite hostname="LAPTOP-LEUDUC9J" failures="0" tests="1" name="InventoryTest.AddLowestPricedProductToCartTest" time="1.980" errors="0" timestamp="2025-05-07T12:35:17 IST" skipped="0">
  <testcase classname="InventoryTest.AddLowestPricedProductToCartTest" name="tc_02_AddLowestPricedProductToCartTest" time="1.980"/>
</testsuite> <!-- InventoryTest.AddLowestPricedProductToCartTest -->
